<?xml version="1.0" encoding="UTF-8"?>
<robot generator="Robot 3.1.2 (Python 3.7.5 on win32)" generated="20200511 23:06:22.852" rpa="false">
<suite id="s1" name="HeadSpinAppiumPOC" source="C:\robot_framework\HeadSpinAppiumPOC">
<suite id="s1-s1" name="TestSuite" source="C:\robot_framework\HeadSpinAppiumPOC\TestSuite">
<suite id="s1-s1-s1" name="Function Driver" source="C:\robot_framework\HeadSpinAppiumPOC\TestSuite\Function_Driver.robot">
<test id="s1-s1-s1-t1" name="Headspin testing of youtube">
<kw name="test youtube on headspin" library="Device_App_Driver">
<arguments>
<arg>${DeviceArg}</arg>
</arguments>
<kw name="common get username" library="commonKeywords">
<doc>getting usename from encrypted file</doc>
<assign>
<var>${username}</var>
</assign>
<kw name="Set Log Level" library="BuiltIn">
<doc>Sets the log threshold to the specified level and returns the old level.</doc>
<arguments>
<arg>NONE</arg>
</arguments>
<status status="PASS" starttime="20200511 23:06:29.362" endtime="20200511 23:06:29.363"></status>
</kw>
<kw name="Call Authentication" library="testLib">
<arguments>
<arg>C:\\robot_framework\\HeadSpinAppiumPOC\\Resources\\..\\properties\\Input</arg>
</arguments>
<assign>
<var>@{credentials}</var>
</assign>
<status status="PASS" starttime="20200511 23:06:29.364" endtime="20200511 23:06:29.772"></status>
</kw>
<kw name="Strip String" library="String">
<doc>Remove leading and/or trailing whitespaces from the given string.</doc>
<arguments>
<arg>@{credentials}[0]</arg>
<arg>both</arg>
</arguments>
<assign>
<var>${username}</var>
</assign>
<status status="PASS" starttime="20200511 23:06:29.774" endtime="20200511 23:06:29.775"></status>
</kw>
<kw name="Log To Console" library="BuiltIn">
<doc>Logs the given message to the console.</doc>
<arguments>
<arg>${username}</arg>
</arguments>
<status status="PASS" starttime="20200511 23:06:29.775" endtime="20200511 23:06:29.776"></status>
</kw>
<status status="PASS" starttime="20200511 23:06:29.360" endtime="20200511 23:06:29.777"></status>
</kw>
<kw name="common get password" library="commonKeywords">
<doc>getting password value from encrypted file</doc>
<assign>
<var>${password}</var>
</assign>
<kw name="Set Log Level" library="BuiltIn">
<doc>Sets the log threshold to the specified level and returns the old level.</doc>
<arguments>
<arg>NONE</arg>
</arguments>
<status status="PASS" starttime="20200511 23:06:29.779" endtime="20200511 23:06:29.780"></status>
</kw>
<kw name="Call Authentication" library="testLib">
<arguments>
<arg>C:\\robot_framework\\HeadSpinAppiumPOC\\Resources\\..\\properties\\Input</arg>
</arguments>
<assign>
<var>@{credentials}</var>
</assign>
<status status="PASS" starttime="20200511 23:06:29.780" endtime="20200511 23:06:30.154"></status>
</kw>
<kw name="Strip String" library="String">
<doc>Remove leading and/or trailing whitespaces from the given string.</doc>
<arguments>
<arg>@{credentials}[1]</arg>
<arg>both</arg>
</arguments>
<assign>
<var>${password}</var>
</assign>
<status status="PASS" starttime="20200511 23:06:30.155" endtime="20200511 23:06:30.156"></status>
</kw>
<status status="PASS" starttime="20200511 23:06:29.778" endtime="20200511 23:06:30.157"></status>
</kw>
<kw name="Log To Console" library="BuiltIn">
<doc>Logs the given message to the console.</doc>
<arguments>
<arg>username is ${username}</arg>
</arguments>
<status status="PASS" starttime="20200511 23:06:30.157" endtime="20200511 23:06:30.158"></status>
</kw>
<kw name="Log To Console" library="BuiltIn">
<doc>Logs the given message to the console.</doc>
<arguments>
<arg>password is ${password}</arg>
</arguments>
<status status="PASS" starttime="20200511 23:06:30.158" endtime="20200511 23:06:30.159"></status>
</kw>
<kw name="Get File" library="OperatingSystem">
<doc>Returns the contents of a specified file.</doc>
<arguments>
<arg>${capability_File_Youtube_${Device}}</arg>
</arguments>
<assign>
<var>${capabilities_temp}</var>
</assign>
<status status="PASS" starttime="20200511 23:06:30.160" endtime="20200511 23:06:30.163"></status>
</kw>
<kw name="Convert String to JSON" library="JSONLibrary">
<doc>Convert String to JSON object</doc>
<arguments>
<arg>${capabilities_temp}</arg>
</arguments>
<assign>
<var>${capabilitiesFinal}</var>
</assign>
<status status="PASS" starttime="20200511 23:06:30.164" endtime="20200511 23:06:30.164"></status>
</kw>
<kw name="Set Variable" library="BuiltIn">
<doc>Returns the given values which can then be assigned to a variables.</doc>
<arguments>
<arg>${capabilitiesFinal}[deviceName]</arg>
</arguments>
<assign>
<var>${deviceName}</var>
</assign>
<status status="PASS" starttime="20200511 23:06:30.165" endtime="20200511 23:06:30.166"></status>
</kw>
<kw name="Set Variable" library="BuiltIn">
<doc>Returns the given values which can then be assigned to a variables.</doc>
<arguments>
<arg>${capabilitiesFinal}[platformName]</arg>
</arguments>
<assign>
<var>${platformName}</var>
</assign>
<status status="PASS" starttime="20200511 23:06:30.166" endtime="20200511 23:06:30.167"></status>
</kw>
<kw name="Set Variable" library="BuiltIn">
<doc>Returns the given values which can then be assigned to a variables.</doc>
<arguments>
<arg>${capabilitiesFinal}[appPackage]</arg>
</arguments>
<assign>
<var>${appPackage}</var>
</assign>
<status status="PASS" starttime="20200511 23:06:30.168" endtime="20200511 23:06:30.168"></status>
</kw>
<kw name="Set Variable" library="BuiltIn">
<doc>Returns the given values which can then be assigned to a variables.</doc>
<arguments>
<arg>${capabilitiesFinal}[automationName]</arg>
</arguments>
<assign>
<var>${automationName}</var>
</assign>
<status status="PASS" starttime="20200511 23:06:30.169" endtime="20200511 23:06:30.169"></status>
</kw>
<kw name="Set Variable" library="BuiltIn">
<doc>Returns the given values which can then be assigned to a variables.</doc>
<arguments>
<arg>${capabilitiesFinal}[appActivity]</arg>
</arguments>
<assign>
<var>${appActivity}</var>
</assign>
<status status="PASS" starttime="20200511 23:06:30.170" endtime="20200511 23:06:30.171"></status>
</kw>
<kw name="Set Variable" library="BuiltIn">
<doc>Returns the given values which can then be assigned to a variables.</doc>
<arguments>
<arg>${capabilitiesFinal}[udid]</arg>
</arguments>
<assign>
<var>${udid}</var>
</assign>
<status status="PASS" starttime="20200511 23:06:30.171" endtime="20200511 23:06:30.172"></status>
</kw>
<kw name="Open Application" library="AppiumLibrary">
<doc>Opens a new application to given Appium server.
Capabilities of appium server, Android and iOS,
Please check https://github.com/appium/appium/blob/master/docs/en/writing-running-appium/server-args.md
| *Option*            | *Man.* | *Description*     |
| remote_url          | Yes    | Appium server url |
| alias               | no     | alias             |</doc>
<arguments>
<arg>${headspinUrl${DEVICE}}</arg>
<arg>platformName=${platformName}</arg>
<arg>deviceName=${deviceName}</arg>
<arg>appPackage=${appPackage}</arg>
<arg>automationName=${automationName}</arg>
<arg>appActivity=${appActivity}</arg>
<arg>udid=${udid}</arg>
</arguments>
<status status="PASS" starttime="20200511 23:06:30.172" endtime="20200511 23:06:40.084"></status>
</kw>
<kw name="Sleep" library="BuiltIn">
<doc>Pauses the test executed for the given time.</doc>
<arguments>
<arg>2s</arg>
</arguments>
<status status="PASS" starttime="20200511 23:06:40.085" endtime="20200511 23:06:42.086"></status>
</kw>
<kw name="Log To Console" library="BuiltIn">
<doc>Logs the given message to the console.</doc>
<arguments>
<arg>getting library instance</arg>
</arguments>
<status status="PASS" starttime="20200511 23:06:42.087" endtime="20200511 23:06:42.088"></status>
</kw>
<kw name="Get Library Instance" library="BuiltIn">
<doc>Returns the currently active instance of the specified test library.</doc>
<arguments>
<arg>AppiumLibrary</arg>
</arguments>
<assign>
<var>${AppiumLibInstance}</var>
</assign>
<status status="PASS" starttime="20200511 23:06:42.089" endtime="20200511 23:06:42.090"></status>
</kw>
<kw name="Log To Console" library="BuiltIn">
<doc>Logs the given message to the console.</doc>
<arguments>
<arg>instance is ${AppiumLibInstance}</arg>
</arguments>
<status status="PASS" starttime="20200511 23:06:42.092" endtime="20200511 23:06:42.093"></status>
</kw>
<kw name="Get Webdriver" library="headspinPythonLib">
<arguments>
<arg>${AppiumLibInstance}</arg>
</arguments>
<assign>
<var>${driver2}</var>
</assign>
<status status="PASS" starttime="20200511 23:06:42.094" endtime="20200511 23:06:42.095"></status>
</kw>
<kw name="Log To Console" library="BuiltIn">
<doc>Logs the given message to the console.</doc>
<arguments>
<arg>driver2 is ${driver2}</arg>
</arguments>
<status status="PASS" starttime="20200511 23:06:42.095" endtime="20200511 23:06:42.096"></status>
</kw>
<kw name="Log To Console" library="BuiltIn">
<doc>Logs the given message to the console.</doc>
<arguments>
<arg>webscraping done</arg>
</arguments>
<status status="PASS" starttime="20200511 23:06:42.097" endtime="20200511 23:06:42.098"></status>
</kw>
<kw name="Run Keyword And Return Status" library="BuiltIn">
<doc>Runs the given keyword with given arguments and returns the status as a Boolean value.</doc>
<arguments>
<arg>Wait Until Element Is Visible</arg>
<arg>${noThanksOption1}</arg>
<arg>2s</arg>
</arguments>
<assign>
<var>${CheckPremium1}</var>
</assign>
<kw name="Wait Until Element Is Visible" library="AppiumLibrary">
<doc>Waits until element specified with `locator` is visible.</doc>
<arguments>
<arg>${noThanksOption1}</arg>
<arg>2s</arg>
</arguments>
<kw name="Capture Page Screenshot" library="AppiumLibrary">
<doc>Takes a screenshot of the current page and embeds it into the log.</doc>
<status status="PASS" starttime="20200511 23:06:48.412" endtime="20200511 23:06:49.729"></status>
</kw>
<status status="FAIL" starttime="20200511 23:06:42.100" endtime="20200511 23:06:49.733"></status>
</kw>
<status status="PASS" starttime="20200511 23:06:42.099" endtime="20200511 23:06:49.734"></status>
</kw>
<kw name="Run Keyword And Return If" library="BuiltIn">
<doc>Runs the specified keyword and returns from the enclosing user keyword.</doc>
<arguments>
<arg>'${CheckPremium1} '=='True'</arg>
<arg>Click Element</arg>
<arg>${noThanksOption2}</arg>
</arguments>
<status status="PASS" starttime="20200511 23:06:49.735" endtime="20200511 23:06:49.737"></status>
</kw>
<kw name="Click Element" library="AppiumLibrary">
<doc>Click element identified by `locator`.</doc>
<arguments>
<arg>${search}</arg>
</arguments>
<kw name="Capture Page Screenshot" library="AppiumLibrary">
<doc>Takes a screenshot of the current page and embeds it into the log.</doc>
<status status="PASS" starttime="20200511 23:06:56.075" endtime="20200511 23:06:57.344"></status>
</kw>
<status status="FAIL" starttime="20200511 23:06:49.738" endtime="20200511 23:06:57.354"></status>
</kw>
<status status="FAIL" starttime="20200511 23:06:29.358" endtime="20200511 23:06:57.355"></status>
</kw>
<tags>
<tag>Android</tag>
</tags>
<status status="FAIL" starttime="20200511 23:06:29.357" endtime="20200511 23:06:57.355" critical="yes">ValueError: Element locator 'accessibility_id=Search' did not match any elements.</status>
</test>
<status status="FAIL" starttime="20200511 23:06:22.987" endtime="20200511 23:06:57.357"></status>
</suite>
<status status="FAIL" starttime="20200511 23:06:22.982" endtime="20200511 23:06:57.360"></status>
</suite>
<status status="FAIL" starttime="20200511 23:06:22.946" endtime="20200511 23:06:57.362"></status>
</suite>
<statistics>
<total>
<stat pass="0" fail="1">Critical Tests</stat>
<stat pass="0" fail="1">All Tests</stat>
</total>
<tag>
<stat pass="0" fail="1">Android</stat>
</tag>
<suite>
<stat pass="0" fail="1" id="s1" name="HeadSpinAppiumPOC">HeadSpinAppiumPOC</stat>
<stat pass="0" fail="1" id="s1-s1" name="TestSuite">HeadSpinAppiumPOC.TestSuite</stat>
<stat pass="0" fail="1" id="s1-s1-s1" name="Function Driver">HeadSpinAppiumPOC.TestSuite.Function Driver</stat>
</suite>
</statistics>
<errors>
</errors>
</robot>
